serving "." at http://127.0.0.1:8080
20:47:39 [200]: /
20:47:39 [200]: /style.css
20:47:39 [200]: /jquery.min.js
20:47:39 [200]: /sudoku.js
21:0:53 [304]: /
21:0:53 [304]: /style.css
21:0:53 [304]: /jquery.min.js
21:0:53 [200]: /sudoku.js
21:3:29 [304]: /
21:3:29 [304]: /jquery.min.js
21:3:29 [304]: /sudoku.js
21:3:29 [200]: /style.css
21:5:56 [304]: /
21:5:56 [304]: /jquery.min.js
21:5:56 [304]: /sudoku.js
21:5:56 [200]: /style.css
21:6:23 [304]: /
21:6:23 [304]: /jquery.min.js
21:6:23 [304]: /sudoku.js
21:6:23 [200]: /style.css
21:7:39 [304]: /
21:7:40 [304]: /jquery.min.js
21:7:40 [304]: /sudoku.js
21:7:40 [200]: /style.css
21:8:05 [304]: /
21:8:05 [304]: /jquery.min.js
21:8:05 [304]: /sudoku.js
21:8:05 [200]: /style.css
21:22:17 [200]: /
21:22:17 [304]: /jquery.min.js
21:22:17 [200]: /style.css
21:22:17 [200]: /sudoku.js
21:22:39 [304]: /
21:22:39 [304]: /style.css
21:22:39 [304]: /jquery.min.js
21:22:39 [304]: /sudoku.js
21:57:19 [304]: /
21:57:19 [304]: /style.css
21:57:19 [304]: /jquery.min.js
21:57:19 [200]: /sudoku.js
21:57:46 [304]: /
21:57:46 [304]: /style.css
21:57:46 [304]: /jquery.min.js
21:57:46 [200]: /sudoku.js
21:58:17 [304]: /
21:58:17 [304]: /style.css
21:58:17 [304]: /jquery.min.js
21:58:17 [200]: /sudoku.js
21:59:20 [304]: /
21:59:20 [304]: /style.css
21:59:20 [304]: /jquery.min.js
21:59:20 [200]: /sudoku.js
22:0:13 [304]: /
22:0:13 [304]: /style.css
22:0:13 [304]: /jquery.min.js
22:0:13 [304]: /sudoku.js
22:11:00 [304]: /
22:11:00 [304]: /style.css
22:11:00 [304]: /jquery.min.js
22:11:00 [200]: /sudoku.js
22:11:29 [304]: /
22:11:29 [304]: /style.css
22:11:29 [304]: /jquery.min.js
22:11:29 [304]: /sudoku.js
22:11:46 [304]: /
22:11:46 [304]: /style.css
22:11:46 [304]: /jquery.min.js
22:11:46 [304]: /sudoku.js
22:13:34 [304]: /
22:13:34 [304]: /style.css
22:13:34 [304]: /jquery.min.js
22:13:34 [304]: /sudoku.js
22:15:08 [304]: /
22:15:08 [304]: /style.css
22:15:08 [304]: /jquery.min.js
22:15:08 [200]: /sudoku.js
22:15:17 [304]: /
22:15:17 [304]: /style.css
22:15:17 [304]: /jquery.min.js
22:15:17 [304]: /sudoku.js
22:15:31 [304]: /
22:15:31 [304]: /style.css
22:15:31 [304]: /jquery.min.js
22:15:31 [304]: /sudoku.js
9:37:55 [304]: /
9:37:55 [304]: /style.css
9:37:55 [200]: /jquery.min.js
9:37:55 [200]: /sudoku.js
9:37:55 [404]: /favicon.ico
9:39:34 [304]: /
9:39:34 [304]: /style.css
9:39:34 [304]: /jquery.min.js
9:39:34 [200]: /sudoku.js
9:40:06 [304]: /
9:40:06 [304]: /style.css
9:40:06 [304]: /jquery.min.js
9:40:06 [304]: /sudoku.js
9:42:07 [304]: /
9:42:07 [304]: /style.css
9:42:07 [304]: /jquery.min.js
9:42:07 [304]: /sudoku.js
9:42:34 [304]: /
9:42:34 [304]: /style.css
9:42:34 [304]: /jquery.min.js
9:42:34 [304]: /sudoku.js
9:48:12 [304]: /
9:48:12 [304]: /style.css
9:48:12 [304]: /jquery.min.js
9:48:12 [200]: /sudoku.js
serving "." at http://127.0.0.1:8080
11:59:39 [304]: /
11:59:39 [304]: /style.css
11:59:39 [304]: /jquery.min.js
11:59:39 [304]: /sudoku.js
11:59:39 [404]: /favicon.ico
12:2:37 [304]: /
12:2:37 [304]: /style.css
12:2:37 [304]: /jquery.min.js
12:2:37 [304]: /sudoku.js
12:31:55 [304]: /
12:31:55 [304]: /style.css
12:31:55 [304]: /jquery.min.js
12:31:55 [200]: /sudoku.js
12:32:01 [304]: /
12:32:01 [304]: /style.css
12:32:01 [304]: /jquery.min.js
12:32:01 [304]: /sudoku.js
12:35:09 [304]: /
12:35:09 [304]: /style.css
12:35:09 [304]: /jquery.min.js
12:35:09 [200]: /sudoku.js
12:35:34 [304]: /
12:35:34 [304]: /style.css
12:35:34 [304]: /jquery.min.js
12:35:34 [200]: /sudoku.js
12:35:57 [304]: /
12:35:57 [304]: /style.css
12:35:57 [304]: /jquery.min.js
12:35:57 [304]: /sudoku.js
12:38:51 [304]: /
12:38:51 [304]: /style.css
12:38:51 [304]: /jquery.min.js
12:38:51 [304]: /sudoku.js
12:41:55 [304]: /
12:41:55 [304]: /jquery.min.js
12:41:55 [304]: /sudoku.js
12:41:55 [200]: /style.css
12:42:21 [304]: /
12:42:21 [304]: /jquery.min.js
12:42:21 [304]: /sudoku.js
12:42:21 [200]: /style.css
12:42:26 [304]: /
12:42:26 [304]: /style.css
12:42:26 [304]: /jquery.min.js
12:42:26 [304]: /sudoku.js
12:49:54 [304]: /
12:49:54 [304]: /style.css
12:49:54 [304]: /jquery.min.js
12:49:54 [200]: /sudoku.js
12:50:10 [304]: /
12:50:10 [304]: /style.css
12:50:10 [304]: /jquery.min.js
12:50:10 [200]: /sudoku.js
12:50:42 [304]: /
12:50:42 [304]: /jquery.min.js
12:50:42 [200]: /style.css
12:50:42 [200]: /sudoku.js
12:50:52 [304]: /
12:50:52 [304]: /style.css
12:50:52 [304]: /jquery.min.js
12:50:52 [200]: /sudoku.js
12:51:02 [304]: /
12:51:02 [304]: /style.css
12:51:02 [304]: /jquery.min.js
12:51:02 [200]: /sudoku.js
12:51:09 [304]: /
12:51:09 [304]: /style.css
12:51:09 [304]: /jquery.min.js
12:51:09 [200]: /sudoku.js
12:51:27 [304]: /
12:51:28 [304]: /style.css
12:51:28 [304]: /jquery.min.js
12:51:28 [200]: /sudoku.js
12:53:17 [304]: /
12:53:17 [304]: /jquery.min.js
12:53:17 [200]: /style.css
12:53:17 [200]: /sudoku.js
12:53:48 [304]: /
12:53:48 [304]: /style.css
12:53:48 [304]: /jquery.min.js
12:53:48 [200]: /sudoku.js
12:55:01 [304]: /
12:55:01 [304]: /style.css
12:55:01 [304]: /jquery.min.js
12:55:01 [200]: /sudoku.js
12:56:10 [304]: /
12:56:10 [304]: /jquery.min.js
12:56:10 [304]: /sudoku.js
12:56:10 [200]: /style.css
12:57:07 [304]: /
12:57:07 [304]: /style.css
12:57:07 [304]: /jquery.min.js
12:57:07 [304]: /sudoku.js
13:1:56 [304]: /
13:1:56 [304]: /jquery.min.js
13:1:56 [304]: /sudoku.js
13:1:56 [200]: /style.css
13:2:13 [304]: /
13:2:13 [304]: /jquery.min.js
13:2:13 [304]: /sudoku.js
13:2:13 [200]: /style.css
13:2:29 [304]: /
13:2:29 [304]: /style.css
13:2:29 [304]: /jquery.min.js
13:2:29 [304]: /sudoku.js
13:9:33 [304]: /
13:9:33 [304]: /style.css
13:9:33 [304]: /jquery.min.js
13:9:33 [304]: /sudoku.js
13:18:34 [304]: /
13:18:34 [304]: /jquery.min.js
13:18:34 [304]: /sudoku.js
13:18:34 [200]: /style.css
13:20:00 [304]: /
13:20:00 [304]: /jquery.min.js
13:20:00 [304]: /style.css
13:20:00 [304]: /sudoku.js
13:20:16 [304]: /
13:20:16 [304]: /style.css
13:20:16 [304]: /jquery.min.js
13:20:16 [304]: /sudoku.js
13:20:35 [304]: /
13:20:35 [304]: /style.css
13:20:35 [304]: /jquery.min.js
13:20:35 [304]: /sudoku.js
13:21:27 [304]: /
13:21:27 [304]: /style.css
13:21:27 [304]: /jquery.min.js
13:21:27 [304]: /sudoku.js
13:30:50 [304]: /
13:30:50 [304]: /style.css
13:30:50 [304]: /jquery.min.js
13:30:50 [304]: /sudoku.js
